Arguments: 
  /Users/localuser/.nvm/versions/node/v8.0.0/bin/node /Users/localuser/.nvm/versions/node/v8.0.0/bin/yarn start

PATH: 
  /Users/localuser/.nvm/versions/node/v8.0.0/bin:/usr/local/bin:/usr/bin:/bin:/usr/sbin:/sbin:/opt/X11/bin

Yarn version: 
  0.27.5

Node version: 
  8.0.0

Platform: 
  darwin x64

npm manifest: 
  {
    "name": "tddjs",
    "version": "1.0.0",
    "main": "index.js",
    "author": "vamsiampolu <vamsiampolu3000@gmail.com>",
    "license": "MIT",
    "devDependencies": {
      "rollup": "^0.51.5"
    },
    "scripts": {
      "build": "rollup strftime.test.js --o ./public/bundle.js --f iife",
      "serve": "http-server -p 3020",
      "start": "yarn build && yarn serve",
    }
  }

yarn manifest: 
  No manifest

Lockfile: 
  # THIS IS AN AUTOGENERATED FILE. DO NOT EDIT THIS FILE DIRECTLY.
  # yarn lockfile v1
  
  
  rollup@^0.51.5:
    version "0.51.5"
    resolved "https://registry.yarnpkg.com/rollup/-/rollup-0.51.5.tgz#5caf9101fcaefe344065701ece7de697631a8035"

Trace: 
  SyntaxError: /Users/localuser/Do/tddjs/package.json: Unexpected token } in JSON at position 358
      at JSON.parse (<anonymous>)
      at /Users/localuser/.nvm/versions/node/v8.0.0/lib/node_modules/yarn/lib/util/fs.js:554:57
      at Generator.next (<anonymous>)
      at step (/Users/localuser/.nvm/versions/node/v8.0.0/lib/node_modules/yarn/node_modules/babel-runtime/helpers/asyncToGenerator.js:17:30)
      at /Users/localuser/.nvm/versions/node/v8.0.0/lib/node_modules/yarn/node_modules/babel-runtime/helpers/asyncToGenerator.js:28:13
      at <anonymous>
